<?xml version="1.0" encoding="UTF-8"?>
<!-- Generated by org.testng.reporters.JUnitReportReporter -->
<testsuite skipped="0" hostname="DESKTOP-4NNUI12" name="captureScreenshot.FacebookScreenshot" tests="1" failures="0" timestamp="2020-06-13T17:13:43 IST" time="10.267" errors="0">
  <testcase name="capturescreenshot" time="10.267" classname="captureScreenshot.FacebookScreenshot"/>
  <system-out/>
</testsuite> <!-- captureScreenshot.FacebookScreenshot -->
