<?xml version="1.0" encoding="UTF-8"?>
<!-- Generated by org.testng.reporters.JUnitReportReporter -->
<testsuite skipped="0" hostname="DESKTOP-4NNUI12" name="TestNGClasses.TestCase2" tests="1" failures="0" timestamp="2020-08-01T12:08:39 IST" time="0.001" errors="0">
  <testcase name="testTwitter" time="0.001" classname="TestNGClasses.TestCase2"/>
  <system-out/>
</testsuite> <!-- TestNGClasses.TestCase2 -->
