<?xml version="1.0" encoding="UTF-8"?>
<!-- Generated by org.testng.reporters.JUnitReportReporter -->
<testsuite skipped="0" hostname="DESKTOP-4NNUI12" name="ConfigurationDemo.TestSeleniumBlog" tests="1" failures="0" timestamp="2020-07-26T13:22:02 IST" time="0.008" errors="0">
  <testcase name="testConfig" time="0.008" classname="ConfigurationDemo.TestSeleniumBlog"/>
  <system-out/>
</testsuite> <!-- ConfigurationDemo.TestSeleniumBlog -->
