<?xml version="1.0" encoding="UTF-8"?>
<!-- Generated by org.testng.reporters.JUnitReportReporter -->
<testsuite skipped="0" hostname="DESKTOP-4NNUI12" name="iFrameDemo.DemoFramesByWebElement" tests="1" failures="0" timestamp="2020-06-14T23:30:05 IST" time="18.918" errors="0">
  <testcase name="testFrames" time="18.918" classname="iFrameDemo.DemoFramesByWebElement"/>
  <system-out/>
</testsuite> <!-- iFrameDemo.DemoFramesByWebElement -->
