<?xml version="1.0" encoding="UTF-8"?>
<!-- Generated by org.testng.reporters.JUnitReportReporter -->
<testsuite skipped="0" hostname="DESKTOP-4NNUI12" name="CrossBrowser.VerifyTitle" tests="2" failures="0" timestamp="2020-08-02T12:35:20 IST" time="21.809" errors="0">
  <testcase name="verifyPageTitle" time="11.159" classname="CrossBrowser.VerifyTitle"/>
  <system-out/>
  <testcase name="verifyPageTitle" time="10.650" classname="CrossBrowser.VerifyTitle"/>
  <system-out/>
</testsuite> <!-- CrossBrowser.VerifyTitle -->
