<?xml version="1.0" encoding="UTF-8"?>
<!-- Generated by org.testng.reporters.JUnitReportReporter -->
<testsuite skipped="0" hostname="DESKTOP-4NNUI12" name="ConfigurationDemo.Testseleniuminchrome" tests="1" failures="0" timestamp="2020-08-01T12:17:33 IST" time="12.073" errors="0">
  <testcase name="testChrome" time="12.073" classname="ConfigurationDemo.Testseleniuminchrome"/>
  <system-out/>
</testsuite> <!-- ConfigurationDemo.Testseleniuminchrome -->
