<?xml version="1.0" encoding="UTF-8"?>
<!-- Generated by org.testng.reporters.JUnitReportReporter -->
<testsuite skipped="0" hostname="DESKTOP-4NNUI12" name="TestNGClasses.TestCase3" tests="1" failures="0" timestamp="2020-08-01T12:18:16 IST" time="0.009" errors="0">
  <testcase name="testWordpress" time="0.009" classname="TestNGClasses.TestCase3"/>
  <system-out/>
</testsuite> <!-- TestNGClasses.TestCase3 -->
