<?xml version="1.0" encoding="UTF-8"?>
<!-- Generated by org.testng.reporters.JUnitReportReporter -->
<testsuite skipped="0" hostname="DESKTOP-4NNUI12" name="verifyTitles.VerifyApplicationTitle" tests="1" failures="0" timestamp="2020-06-13T13:09:53 IST" time="11.493" errors="0">
  <testcase name="verifyApplicationTitle" time="11.493" classname="verifyTitles.VerifyApplicationTitle"/>
  <system-out/>
</testsuite> <!-- verifyTitles.VerifyApplicationTitle -->
