<?xml version="1.0" encoding="UTF-8"?>
<!-- Generated by org.testng.reporters.JUnitReportReporter -->
<testsuite skipped="0" hostname="DESKTOP-4NNUI12" name="iFrameDemo.DemoFrames" tests="1" failures="0" timestamp="2020-06-14T23:16:05 IST" time="20.958" errors="0">
  <testcase name="testFrames" time="20.958" classname="iFrameDemo.DemoFrames"/>
  <system-out/>
</testsuite> <!-- iFrameDemo.DemoFrames -->
